<?xml version="1.0" encoding="UTF-8"?>
<!-- Generated by org.testng.reporters.JUnitReportReporter -->
<testsuite skipped="0" hostname="Alexanders-MacBook-Pro.local" name="com.molodetskyi.test5.FirstTest" tests="1" failures="0" timestamp="20 Feb 2020 13:58:30 GMT" time="0.001" errors="0">
  <testcase name="f" time="0.001" classname="com.molodetskyi.test5.FirstTest"/>
</testsuite> <!-- com.molodetskyi.test5.FirstTest -->
