<?xml version="1.0" encoding="UTF-8"?>
<!-- Generated by org.testng.reporters.JUnitReportReporter -->
<testsuite skipped="0" hostname="Alexanders-MacBook-Pro.local" name="com.molodetskyi.test5.ThirdTest" tests="1" failures="0" timestamp="20 Feb 2020 14:57:42 GMT" time="0.005" errors="0">
  <testcase name="f" time="0.005" classname="com.molodetskyi.test5.ThirdTest"/>
</testsuite> <!-- com.molodetskyi.test5.ThirdTest -->
